<?xml version="1.0" encoding="UTF-8"?>
<!-- Generated by org.testng.reporters.JUnitReportReporter -->
<testsuite hostname="DESKTOP-UCGEB66" failures="0" tests="1" name="PIIT.AutomationTrainingProgram.Browsers" time="0.193" errors="0" timestamp="2022-04-26T22:48:13 EDT" skipped="0">
  <testcase classname="PIIT.AutomationTrainingProgram.Browsers" name="f" time="0.193"/>
  <system-out/>
</testsuite> <!-- PIIT.AutomationTrainingProgram.Browsers -->
