<?xml version="1.0" encoding="UTF-8"?>
<!-- Generated by org.testng.reporters.JUnitReportReporter -->
<testsuite hostname="DESKTOP-UCGEB66" failures="0" tests="1" name="PIIT.AutomationTrainingProgram.Browserss" time="0.213" errors="0" timestamp="2022-05-10T21:49:30 EDT" skipped="0">
  <testcase classname="PIIT.AutomationTrainingProgram.Browserss" name="f" time="0.213"/>
  <system-out/>
</testsuite> <!-- PIIT.AutomationTrainingProgram.Browserss -->
