<?xml version="1.0" encoding="UTF-8"?>
<!-- Generated by org.testng.reporters.JUnitReportReporter -->
<testsuite hostname="DESKTOP-UCGEB66" failures="0" tests="2" name="PIIT.AutomationTrainingProgram.NewTest" time="0.008" errors="0" timestamp="2022-04-26T22:24:45 EDT" skipped="0">
  <testcase classname="PIIT.AutomationTrainingProgram.NewTest" name="Test2" time="0.005"/>
  <system-out/>
  <testcase classname="PIIT.AutomationTrainingProgram.NewTest" name="f" time="0.003"/>
  <system-out/>
</testsuite> <!-- PIIT.AutomationTrainingProgram.NewTest -->
